{
  "RSpec": {
    "coverage": {
      "/geo-location-app/spec/models/geo_location_spec.rb": {
        "lines": [
          1,
          1,
          2,
          null,
          null,
          1,
          null,
          1,
          2,
          2,
          null,
          null,
          1,
          1,
          1,
          null,
          null,
          1,
          1,
          1,
          null,
          null,
          null,
          null
        ]
      },
      "/geo-location-app/app/models/geo_location.rb": {
        "lines": [
          1,
          4,
          7,
          null
        ]
      },
      "/geo-location-app/app/models/application_record.rb": {
        "lines": [
          1,
          1,
          null
        ]
      },
      "/geo-location-app/spec/serializers/geo_location_serializer_spec.rb": {
        "lines": [
          1,
          1,
          null,
          1,
          1,
          1,
          1,
          1,
          1,
          1,
          null,
          null,
          null,
          null
        ]
      },
      "/geo-location-app/app/serializers/geo_location_serializer.rb": {
        "lines": [
          1,
          1,
          null
        ]
      },
      "/geo-location-app/app/serializers/application_serializer.rb": {
        "lines": [
          1,
          1,
          null,
          1,
          null
        ]
      },
      "/geo-location-app/app/services/ip_address_service/find_my_ip.rb": {
        "lines": [
          1,
          null,
          1,
          null,
          1,
          1,
          28,
          28,
          null,
          28,
          null,
          null,
          1,
          null,
          1,
          28,
          null,
          null,
          null
        ]
      },
      "/geo-location-app/app/services/application_service.rb": {
        "lines": [
          null,
          1,
          1,
          29,
          null,
          null,
          1,
          null,
          1,
          0,
          null,
          null,
          1,
          0,
          null,
          null,
          1,
          0,
          null,
          null,
          1,
          0,
          null,
          null
        ]
      },
      "/geo-location-app/app/controllers/api/geo_locations_controller.rb": {
        "lines": [
          1,
          null,
          1,
          1,
          null,
          null,
          1,
          4,
          4,
          4,
          null,
          null,
          null,
          null,
          null,
          1,
          1,
          null,
          1,
          null,
          null,
          1,
          1,
          null,
          0,
          null,
          null,
          null,
          null,
          1,
          1,
          1,
          null,
          null,
          null,
          1,
          1,
          1,
          null,
          null,
          1,
          null,
          1,
          5,
          null,
          5,
          null,
          null,
          1,
          1,
          null,
          null,
          1,
          2,
          null,
          0,
          null,
          null,
          1,
          4,
          null,
          3,
          null,
          null,
          1,
          2,
          null,
          null,
          1,
          4,
          null,
          null,
          null
        ]
      },
      "/geo-location-app/app/controllers/application_controller.rb": {
        "lines": [
          1,
          1,
          1,
          1,
          null
        ]
      },
      "/geo-location-app/app/controllers/concerns/json_api_handler.rb": {
        "lines": [
          null,
          1,
          1,
          1,
          1,
          1,
          1,
          1,
          null,
          null
        ]
      },
      "/geo-location-app/app/controllers/concerns/error_handler.rb": {
        "lines": [
          null,
          1,
          1,
          null,
          1,
          1,
          1,
          1,
          null,
          1,
          0,
          null,
          null,
          1,
          0,
          null,
          null,
          1,
          0,
          null,
          null,
          1,
          0,
          null,
          null,
          1,
          null,
          0,
          null,
          null,
          null,
          null,
          null,
          null,
          null,
          null,
          null,
          null,
          null
        ]
      },
      "/geo-location-app/app/controllers/concerns/default_handler.rb": {
        "lines": [
          null,
          1,
          1,
          1,
          1,
          null,
          1,
          null,
          null,
          7,
          7,
          7,
          null,
          null,
          null
        ]
      },
      "/geo-location-app/app/services/geo_locator_service/geo_locator.rb": {
        "lines": [
          1,
          null,
          1,
          null,
          1,
          null,
          1,
          null,
          1,
          1,
          null,
          null,
          1,
          1,
          1,
          null,
          1,
          null,
          null,
          1,
          null,
          1,
          null,
          1,
          null,
          null,
          1,
          1,
          null,
          null,
          null
        ]
      },
      "/geo-location-app/app/services/geo_locator_service/ip_stack.rb": {
        "lines": [
          1,
          1,
          null,
          1,
          null,
          1,
          1,
          null,
          1,
          null,
          1,
          1,
          null,
          null,
          1,
          1,
          1,
          1,
          null,
          null,
          1,
          null,
          null,
          null,
          null,
          1,
          null,
          1,
          1,
          null,
          null,
          null
        ]
      }
    },
    "timestamp": 1643892046
  }
}
